# JRE version: Java(TM) SE Runtime Environment (8.0_191-b12) (build 1.8.0_191-b12)
# Java VM: Java HotSpot(TM) 64-Bit Server VM (25.191-b12 mixed mode linux-amd64 compressed oops)
Heap:
 PSYoungGen      total 132608K, used 16049K [0x00000000d7800000, 0x00000000e0200000, 0x0000000100000000)
  eden space 124928K, 12% used [0x00000000d7800000,0x00000000d87ac548,0x00000000df200000)
  from space 7680K, 0% used [0x00000000dfa80000,0x00000000dfa80000,0x00000000e0200000)
  to   space 8192K, 0% used [0x00000000df200000,0x00000000df200000,0x00000000dfa00000)
 ParOldGen       total 45056K, used 4903K [0x0000000086800000, 0x0000000089400000, 0x00000000d7800000)
  object space 45056K, 10% used [0x0000000086800000,0x0000000086cc9c70,0x0000000089400000)
 Metaspace       used 21776K, capacity 22166K, committed 22400K, reserved 1069056K
  class space    used 2996K, capacity 3139K, committed 3200K, reserved 1048576K
GC Heap History (10 events):
Event: 0,753 GC heap before
{Heap before GC invocations=3 (full 0):
 PSYoungGen      total 36352K, used 34198K [0x00000000d7800000, 0x00000000dbf00000, 0x0000000100000000)
  eden space 31232K, 100% used [0x00000000d7800000,0x00000000d9680000,0x00000000d9680000)
  from space 5120K, 57% used [0x00000000d9b80000,0x00000000d9e65b18,0x00000000da080000)
  to   space 5120K, 0% used [0x00000000d9680000,0x00000000d9680000,0x00000000d9b80000)
 ParOldGen       total 83456K, used 16K [0x0000000086800000, 0x000000008b980000, 0x00000000d7800000)
  object space 83456K, 0% used [0x0000000086800000,0x0000000086804000,0x000000008b980000)
 Metaspace       used 9060K, capacity 9232K, committed 9344K, reserved 1056768K
  class space    used 1342K, capacity 1387K, committed 1408K, reserved 1048576K
Event: 0,759 GC heap after
Heap after GC invocations=3 (full 0):
 PSYoungGen      total 36352K, used 3053K [0x00000000d7800000, 0x00000000dbf00000, 0x0000000100000000)
  eden space 31232K, 0% used [0x00000000d7800000,0x00000000d7800000,0x00000000d9680000)
  from space 5120K, 59% used [0x00000000d9680000,0x00000000d997b708,0x00000000d9b80000)
  to   space 5120K, 0% used [0x00000000dba00000,0x00000000dba00000,0x00000000dbf00000)
 ParOldGen       total 83456K, used 24K [0x0000000086800000, 0x000000008b980000, 0x00000000d7800000)
  object space 83456K, 0% used [0x0000000086800000,0x0000000086806000,0x000000008b980000)
 Metaspace       used 9060K, capacity 9232K, committed 9344K, reserved 1056768K
  class space    used 1342K, capacity 1387K, committed 1408K, reserved 1048576K
}
Event: 1,062 GC heap before
{Heap before GC invocations=4 (full 0):
 PSYoungGen      total 36352K, used 34285K [0x00000000d7800000, 0x00000000dbf00000, 0x0000000100000000)
  eden space 31232K, 100% used [0x00000000d7800000,0x00000000d9680000,0x00000000d9680000)
  from space 5120K, 59% used [0x00000000d9680000,0x00000000d997b708,0x00000000d9b80000)
  to   space 5120K, 0% used [0x00000000dba00000,0x00000000dba00000,0x00000000dbf00000)
 ParOldGen       total 83456K, used 24K [0x0000000086800000, 0x000000008b980000, 0x00000000d7800000)
  object space 83456K, 0% used [0x0000000086800000,0x0000000086806000,0x000000008b980000)
 Metaspace       used 13639K, capacity 13884K, committed 14080K, reserved 1060864K
  class space    used 1899K, capacity 2000K, committed 2048K, reserved 1048576K
Event: 1,074 GC heap after
Heap after GC invocations=4 (full 0):
 PSYoungGen      total 67584K, used 5032K [0x00000000d7800000, 0x00000000dbf00000, 0x0000000100000000)
  eden space 62464K, 0% used [0x00000000d7800000,0x00000000d7800000,0x00000000db500000)
  from space 5120K, 98% used [0x00000000dba00000,0x00000000dbeea068,0x00000000dbf00000)
  to   space 5120K, 0% used [0x00000000db500000,0x00000000db500000,0x00000000dba00000)
 ParOldGen       total 83456K, used 32K [0x0000000086800000, 0x000000008b980000, 0x00000000d7800000)
  object space 83456K, 0% used [0x0000000086800000,0x0000000086808000,0x000000008b980000)
 Metaspace       used 13639K, capacity 13884K, committed 14080K, reserved 1060864K
  class space    used 1899K, capacity 2000K, committed 2048K, reserved 1048576K
}
Event: 1,468 GC heap before
{Heap before GC invocations=5 (full 0):
 PSYoungGen      total 67584K, used 67496K [0x00000000d7800000, 0x00000000dbf00000, 0x0000000100000000)
  eden space 62464K, 100% used [0x00000000d7800000,0x00000000db500000,0x00000000db500000)
  from space 5120K, 98% used [0x00000000dba00000,0x00000000dbeea068,0x00000000dbf00000)
  to   space 5120K, 0% used [0x00000000db500000,0x00000000db500000,0x00000000dba00000)
 ParOldGen       total 83456K, used 32K [0x0000000086800000, 0x000000008b980000, 0x00000000d7800000)
  object space 83456K, 0% used [0x0000000086800000,0x0000000086808000,0x000000008b980000)
 Metaspace       used 20295K, capacity 20686K, committed 20864K, reserved 1067008K
  class space    used 2773K, capacity 2905K, committed 2944K, reserved 1048576K
Event: 1,475 GC heap after
Heap after GC invocations=5 (full 0):
 PSYoungGen      total 67584K, used 5107K [0x00000000d7800000, 0x00000000e0300000, 0x0000000100000000)
  eden space 62464K, 0% used [0x00000000d7800000,0x00000000d7800000,0x00000000db500000)
  from space 5120K, 99% used [0x00000000db500000,0x00000000db9fcdc0,0x00000000dba00000)
  to   space 8704K, 0% used [0x00000000dfa80000,0x00000000dfa80000,0x00000000e0300000)
 ParOldGen       total 83456K, used 4085K [0x0000000086800000, 0x000000008b980000, 0x00000000d7800000)
  object space 83456K, 4% used [0x0000000086800000,0x0000000086bfd410,0x000000008b980000)
 Metaspace       used 20295K, capacity 20686K, committed 20864K, reserved 1067008K
  class space    used 2773K, capacity 2905K, committed 2944K, reserved 1048576K
}
Event: 1,505 GC heap before
{Heap before GC invocations=6 (full 0):
 PSYoungGen      total 67584K, used 12618K [0x00000000d7800000, 0x00000000e0300000, 0x0000000100000000)
  eden space 62464K, 12% used [0x00000000d7800000,0x00000000d7f55d08,0x00000000db500000)
  from space 5120K, 99% used [0x00000000db500000,0x00000000db9fcdc0,0x00000000dba00000)
  to   space 8704K, 0% used [0x00000000dfa80000,0x00000000dfa80000,0x00000000e0300000)
 ParOldGen       total 83456K, used 4085K [0x0000000086800000, 0x000000008b980000, 0x00000000d7800000)
  object space 83456K, 4% used [0x0000000086800000,0x0000000086bfd410,0x000000008b980000)
 Metaspace       used 20641K, capacity 21014K, committed 21248K, reserved 1067008K
  class space    used 2829K, capacity 2971K, committed 3072K, reserved 1048576K
Event: 1,508 GC heap after
Heap after GC invocations=6 (full 0):
 PSYoungGen      total 132608K, used 4654K [0x00000000d7800000, 0x00000000e0200000, 0x0000000100000000)
  eden space 124928K, 0% used [0x00000000d7800000,0x00000000d7800000,0x00000000df200000)
  from space 7680K, 60% used [0x00000000dfa80000,0x00000000dff0bba8,0x00000000e0200000)
  to   space 8192K, 0% used [0x00000000df200000,0x00000000df200000,0x00000000dfa00000)
 ParOldGen       total 83456K, used 4093K [0x0000000086800000, 0x000000008b980000, 0x00000000d7800000)
  object space 83456K, 4% used [0x0000000086800000,0x0000000086bff410,0x000000008b980000)
 Metaspace       used 20641K, capacity 21014K, committed 21248K, reserved 1067008K
  class space    used 2829K, capacity 2971K, committed 3072K, reserved 1048576K
}
Event: 1,508 GC heap before
{Heap before GC invocations=7 (full 1):
 PSYoungGen      total 132608K, used 4654K [0x00000000d7800000, 0x00000000e0200000, 0x0000000100000000)
  eden space 124928K, 0% used [0x00000000d7800000,0x00000000d7800000,0x00000000df200000)
  from space 7680K, 60% used [0x00000000dfa80000,0x00000000dff0bba8,0x00000000e0200000)
  to   space 8192K, 0% used [0x00000000df200000,0x00000000df200000,0x00000000dfa00000)
 ParOldGen       total 83456K, used 4093K [0x0000000086800000, 0x000000008b980000, 0x00000000d7800000)
  object space 83456K, 4% used [0x0000000086800000,0x0000000086bff410,0x000000008b980000)
 Metaspace       used 20641K, capacity 21014K, committed 21248K, reserved 1067008K
  class space    used 2829K, capacity 2971K, committed 3072K, reserved 1048576K
Event: 1,522 GC heap after
Heap after GC invocations=7 (full 1):
 PSYoungGen      total 132608K, used 0K [0x00000000d7800000, 0x00000000e0200000, 0x0000000100000000)
  eden space 124928K, 0% used [0x00000000d7800000,0x00000000d7800000,0x00000000df200000)
  from space 7680K, 0% used [0x00000000dfa80000,0x00000000dfa80000,0x00000000e0200000)
  to   space 8192K, 0% used [0x00000000df200000,0x00000000df200000,0x00000000dfa00000)
 ParOldGen       total 45056K, used 4903K [0x0000000086800000, 0x0000000089400000, 0x00000000d7800000)
  object space 45056K, 10% used [0x0000000086800000,0x0000000086cc9c70,0x0000000089400000)
 Metaspace       used 20641K, capacity 21014K, committed 21248K, reserved 1067008K
  class space    used 2829K, capacity 2971K, committed 3072K, reserved 1048576K
}

